<?xml version="1.0" encoding="UTF-8"?>
<testsuite name="com.mimetroupe.WillYouBeMimeApplicationTests" tests="5" skipped="0" failures="0" errors="0" timestamp="2016-03-19T21:23:09" hostname="OTR.local" time="1.734">
  <properties/>
  <testcase name="testA" classname="com.mimetroupe.WillYouBeMimeApplicationTests" time="1.332"/>
  <testcase name="testB" classname="com.mimetroupe.WillYouBeMimeApplicationTests" time="0.296"/>
  <testcase name="testC" classname="com.mimetroupe.WillYouBeMimeApplicationTests" time="0.041"/>
  <testcase name="testD" classname="com.mimetroupe.WillYouBeMimeApplicationTests" time="0.036"/>
  <testcase name="testE" classname="com.mimetroupe.WillYouBeMimeApplicationTests" time="0.022"/>
  <system-out><![CDATA[17:23:02.964 [Test worker] DEBUG o.s.t.c.j.SpringJUnit4ClassRunner - SpringJUnit4ClassRunner constructor called with [class com.mimetroupe.WillYouBeMimeApplicationTests]
17:23:02.974 [Test worker] DEBUG o.s.test.context.BootstrapUtils - Instantiating CacheAwareContextLoaderDelegate from class [org.springframework.test.context.cache.DefaultCacheAwareContextLoaderDelegate]
17:23:02.982 [Test worker] DEBUG o.s.test.context.BootstrapUtils - Instantiating BootstrapContext using constructor [public org.springframework.test.context.support.DefaultBootstrapContext(java.lang.Class,org.springframework.test.context.CacheAwareContextLoaderDelegate)]
17:23:02.998 [Test worker] DEBUG o.s.test.context.BootstrapUtils - Instantiating TestContextBootstrapper for test class [com.mimetroupe.WillYouBeMimeApplicationTests] from class [org.springframework.test.context.web.WebTestContextBootstrapper]
17:23:03.029 [Test worker] DEBUG o.s.t.c.w.WebTestContextBootstrapper - Found explicit ContextLoader class [org.springframework.boot.test.SpringApplicationContextLoader] for context configuration attributes [ContextConfigurationAttributes@4c6a138c declaringClass = 'com.mimetroupe.WillYouBeMimeApplicationTests', classes = '{class com.mimetroupe.WillYouBeMimeApplication}', locations = '{}', inheritLocations = true, initializers = '{}', inheritInitializers = true, name = [null], contextLoaderClass = 'org.springframework.boot.test.SpringApplicationContextLoader']
17:23:03.034 [Test worker] DEBUG o.s.t.c.s.AbstractContextLoader - Did not detect default resource location for test class [com.mimetroupe.WillYouBeMimeApplicationTests]: class path resource [com/mimetroupe/WillYouBeMimeApplicationTests-context.xml] does not exist
17:23:03.034 [Test worker] DEBUG o.s.t.c.s.AbstractContextLoader - Did not detect default resource location for test class [com.mimetroupe.WillYouBeMimeApplicationTests]: class path resource [com/mimetroupe/WillYouBeMimeApplicationTestsContext.groovy] does not exist
17:23:03.034 [Test worker] INFO  o.s.t.c.s.AbstractContextLoader - Could not detect default resource locations for test class [com.mimetroupe.WillYouBeMimeApplicationTests]: no resource found for suffixes {-context.xml, Context.groovy}.
17:23:03.036 [Test worker] DEBUG o.s.t.c.support.ActiveProfilesUtils - Could not find an 'annotation declaring class' for annotation type [org.springframework.test.context.ActiveProfiles] and class [com.mimetroupe.WillYouBeMimeApplicationTests]
17:23:03.039 [Test worker] DEBUG o.s.t.c.w.WebTestContextBootstrapper - @TestExecutionListeners is not present for class [com.mimetroupe.WillYouBeMimeApplicationTests]: using defaults.
17:23:03.048 [Test worker] INFO  o.s.t.c.w.WebTestContextBootstrapper - Loaded default TestExecutionListener class names from location [META-INF/spring.factories]: [org.springframework.test.context.web.ServletTestExecutionListener, org.springframework.test.context.support.DirtiesContextBeforeModesTestExecutionListener, org.springframework.test.context.support.DependencyInjectionTestExecutionListener, org.springframework.test.context.support.DirtiesContextTestExecutionListener, org.springframework.test.context.transaction.TransactionalTestExecutionListener, org.springframework.test.context.jdbc.SqlScriptsTestExecutionListener]
17:23:03.082 [Test worker] INFO  o.s.t.c.w.WebTestContextBootstrapper - Using TestExecutionListeners: [org.springframework.test.context.web.ServletTestExecutionListener@23b89339, org.springframework.test.context.support.DirtiesContextBeforeModesTestExecutionListener@61e0fa43, org.springframework.test.context.support.DependencyInjectionTestExecutionListener@2c369051, org.springframework.test.context.support.DirtiesContextTestExecutionListener@111d3f7a, org.springframework.test.context.transaction.TransactionalTestExecutionListener@765b473b, org.springframework.test.context.jdbc.SqlScriptsTestExecutionListener@108f9951]
17:23:03.086 [Test worker] DEBUG o.s.t.annotation.ProfileValueUtils - Retrieved @ProfileValueSourceConfiguration [null] for test class [com.mimetroupe.WillYouBeMimeApplicationTests]
17:23:03.087 [Test worker] DEBUG o.s.t.annotation.ProfileValueUtils - Retrieved ProfileValueSource type [class org.springframework.test.annotation.SystemProfileValueSource] for class [com.mimetroupe.WillYouBeMimeApplicationTests]
17:23:03.088 [Test worker] DEBUG o.s.t.annotation.ProfileValueUtils - Retrieved @ProfileValueSourceConfiguration [null] for test class [com.mimetroupe.WillYouBeMimeApplicationTests]
17:23:03.088 [Test worker] DEBUG o.s.t.annotation.ProfileValueUtils - Retrieved ProfileValueSource type [class org.springframework.test.annotation.SystemProfileValueSource] for class [com.mimetroupe.WillYouBeMimeApplicationTests]
17:23:03.092 [Test worker] DEBUG o.s.t.c.s.AbstractDirtiesContextTestExecutionListener - Before test class: context [DefaultTestContext@300f89cd testClass = WillYouBeMimeApplicationTests, testInstance = [null], testMethod = [null], testException = [null], mergedContextConfiguration = [WebMergedContextConfiguration@511e4364 testClass = WillYouBeMimeApplicationTests, locations = '{}', classes = '{class com.mimetroupe.WillYouBeMimeApplication}', contextInitializerClasses = '[]', activeProfiles = '{}', propertySourceLocations = '{}', propertySourceProperties = '{}', resourceBasePath = 'src/main/webapp', contextLoader = 'org.springframework.boot.test.SpringApplicationContextLoader', parent = [null]]], class annotated with @DirtiesContext [false] with mode [null].
17:23:03.094 [Test worker] DEBUG o.s.t.annotation.ProfileValueUtils - Retrieved @ProfileValueSourceConfiguration [null] for test class [com.mimetroupe.WillYouBeMimeApplicationTests]
17:23:03.094 [Test worker] DEBUG o.s.t.annotation.ProfileValueUtils - Retrieved ProfileValueSource type [class org.springframework.test.annotation.SystemProfileValueSource] for class [com.mimetroupe.WillYouBeMimeApplicationTests]
17:23:03.174 [Test worker] DEBUG o.s.core.env.StandardEnvironment - Adding [systemProperties] PropertySource with lowest search precedence
17:23:03.175 [Test worker] DEBUG o.s.core.env.StandardEnvironment - Adding [systemEnvironment] PropertySource with lowest search precedence
17:23:03.176 [Test worker] DEBUG o.s.core.env.StandardEnvironment - Initialized StandardEnvironment with PropertySources [systemProperties,systemEnvironment]
17:23:03.178 [Test worker] DEBUG o.s.core.env.StandardEnvironment - Adding [integrationTest] PropertySource with search precedence immediately lower than [systemEnvironment]

  .   ____          _            __ _ _
 /\\ / ___'_ __ _ _(_)_ __  __ _ \ \ \ \
( ( )\___ | '_ | '_| | '_ \/ _` | \ \ \ \
 \\/  ___)| |_)| | | | | || (_| |  ) ) ) )
  '  |____| .__|_| |_|_| |_\__, | / / / /
 =========|_|==============|___/=/_/_/_/
 :: Spring Boot ::        (v1.3.3.RELEASE)

2016-03-19 17:23:03.803  INFO 2479 --- [    Test worker] c.m.WillYouBeMimeApplicationTests        : Starting WillYouBeMimeApplicationTests on OTR.local with PID 2479 (/Users/branden/JavaProjects/willYouBeMime/build/classes/test started by branden in /Users/branden/JavaProjects/willYouBeMime)
2016-03-19 17:23:03.804  INFO 2479 --- [    Test worker] c.m.WillYouBeMimeApplicationTests        : No active profile set, falling back to default profiles: default
2016-03-19 17:23:03.869  INFO 2479 --- [    Test worker] o.s.w.c.s.GenericWebApplicationContext   : Refreshing org.springframework.web.context.support.GenericWebApplicationContext@60f26cc4: startup date [Sat Mar 19 17:23:03 EDT 2016]; root of context hierarchy
2016-03-19 17:23:04.927  INFO 2479 --- [    Test worker] o.s.b.f.s.DefaultListableBeanFactory     : Overriding bean definition for bean 'beanNameViewResolver' with a different definition: replacing [Root bean: class [null]; scope=; abstract=false; lazyInit=false; autowireMode=3; dependencyCheck=0; autowireCandidate=true; primary=false; factoryBeanName=org.springframework.boot.autoconfigure.web.ErrorMvcAutoConfiguration$WhitelabelErrorViewConfiguration; factoryMethodName=beanNameViewResolver; initMethodName=null; destroyMethodName=(inferred); defined in class path resource [org/springframework/boot/autoconfigure/web/ErrorMvcAutoConfiguration$WhitelabelErrorViewConfiguration.class]] with [Root bean: class [null]; scope=; abstract=false; lazyInit=false; autowireMode=3; dependencyCheck=0; autowireCandidate=true; primary=false; factoryBeanName=org.springframework.boot.autoconfigure.web.WebMvcAutoConfiguration$WebMvcAutoConfigurationAdapter; factoryMethodName=beanNameViewResolver; initMethodName=null; destroyMethodName=(inferred); defined in class path resource [org/springframework/boot/autoconfigure/web/WebMvcAutoConfiguration$WebMvcAutoConfigurationAdapter.class]]
2016-03-19 17:23:05.622  INFO 2479 --- [    Test worker] trationDelegate$BeanPostProcessorChecker : Bean 'org.springframework.transaction.annotation.ProxyTransactionManagementConfiguration' of type [class org.springframework.transaction.annotation.ProxyTransactionManagementConfiguration$$EnhancerBySpringCGLIB$$74dabe04] is not eligible for getting processed by all BeanPostProcessors (for example: not eligible for auto-proxying)
2016-03-19 17:23:06.114  INFO 2479 --- [    Test worker] j.LocalContainerEntityManagerFactoryBean : Building JPA container EntityManagerFactory for persistence unit 'default'
2016-03-19 17:23:06.150  INFO 2479 --- [    Test worker] o.hibernate.jpa.internal.util.LogHelper  : HHH000204: Processing PersistenceUnitInfo [
	name: default
	...]
2016-03-19 17:23:06.265  INFO 2479 --- [    Test worker] org.hibernate.Version                    : HHH000412: Hibernate Core {4.3.11.Final}
2016-03-19 17:23:06.266  INFO 2479 --- [    Test worker] org.hibernate.cfg.Environment            : HHH000206: hibernate.properties not found
2016-03-19 17:23:06.270  INFO 2479 --- [    Test worker] org.hibernate.cfg.Environment            : HHH000021: Bytecode provider name : javassist
2016-03-19 17:23:06.548  INFO 2479 --- [    Test worker] o.hibernate.annotations.common.Version   : HCANN000001: Hibernate Commons Annotations {4.0.5.Final}
2016-03-19 17:23:06.919  INFO 2479 --- [    Test worker] org.hibernate.dialect.Dialect            : HHH000400: Using dialect: org.hibernate.dialect.H2Dialect
2016-03-19 17:23:07.113  INFO 2479 --- [    Test worker] o.h.h.i.ast.ASTQueryTranslatorFactory    : HHH000397: Using ASTQueryTranslatorFactory
2016-03-19 17:23:07.575  INFO 2479 --- [    Test worker] org.hibernate.tool.hbm2ddl.SchemaUpdate  : HHH000228: Running hbm2ddl schema update
2016-03-19 17:23:07.575  INFO 2479 --- [    Test worker] org.hibernate.tool.hbm2ddl.SchemaUpdate  : HHH000102: Fetching database metadata
2016-03-19 17:23:07.578  INFO 2479 --- [    Test worker] org.hibernate.tool.hbm2ddl.SchemaUpdate  : HHH000396: Updating schema
2016-03-19 17:23:07.589  INFO 2479 --- [    Test worker] java.sql.DatabaseMetaData                : HHH000262: Table not found: admimerer
2016-03-19 17:23:07.591  INFO 2479 --- [    Test worker] java.sql.DatabaseMetaData                : HHH000262: Table not found: mime
2016-03-19 17:23:07.593  INFO 2479 --- [    Test worker] java.sql.DatabaseMetaData                : HHH000262: Table not found: admimerer
2016-03-19 17:23:07.595  INFO 2479 --- [    Test worker] java.sql.DatabaseMetaData                : HHH000262: Table not found: mime
2016-03-19 17:23:07.598  INFO 2479 --- [    Test worker] java.sql.DatabaseMetaData                : HHH000262: Table not found: admimerer
2016-03-19 17:23:07.601  INFO 2479 --- [    Test worker] java.sql.DatabaseMetaData                : HHH000262: Table not found: mime
2016-03-19 17:23:07.643  INFO 2479 --- [    Test worker] org.hibernate.tool.hbm2ddl.SchemaUpdate  : HHH000232: Schema update complete
2016-03-19 17:23:09.040  INFO 2479 --- [    Test worker] s.w.s.m.m.a.RequestMappingHandlerAdapter : Looking for @ControllerAdvice: org.springframework.web.context.support.GenericWebApplicationContext@60f26cc4: startup date [Sat Mar 19 17:23:03 EDT 2016]; root of context hierarchy
2016-03-19 17:23:09.178  INFO 2479 --- [    Test worker] s.w.s.m.m.a.RequestMappingHandlerMapping : Mapped "{[/admimerer],methods=[POST]}" onto public void com.mimetroupe.controllers.WillYouBeMimeController.addAdmimerer(javax.servlet.http.HttpSession,com.mimetroupe.entities.Mime)
2016-03-19 17:23:09.181  INFO 2479 --- [    Test worker] s.w.s.m.m.a.RequestMappingHandlerMapping : Mapped "{[/admimerer/{id}],methods=[POST]}" onto public void com.mimetroupe.controllers.WillYouBeMimeController.addAdmimererSingle(javax.servlet.http.HttpSession,com.mimetroupe.entities.Mime,java.lang.Integer)
2016-03-19 17:23:09.182  INFO 2479 --- [    Test worker] s.w.s.m.m.a.RequestMappingHandlerMapping : Mapped "{[/admimerer],methods=[GET]}" onto public java.util.List<com.mimetroupe.entities.Mime> com.mimetroupe.controllers.WillYouBeMimeController.viewAdmimerers(javax.servlet.http.HttpSession)
2016-03-19 17:23:09.184  INFO 2479 --- [    Test worker] s.w.s.m.m.a.RequestMappingHandlerMapping : Mapped "{[/mimesAdmimerers],methods=[GET]}" onto public java.util.List<com.mimetroupe.entities.Mime> com.mimetroupe.controllers.WillYouBeMimeController.mimesAdmimerers(javax.servlet.http.HttpSession)
2016-03-19 17:23:09.185  INFO 2479 --- [    Test worker] s.w.s.m.m.a.RequestMappingHandlerMapping : Mapped "{[/mimeMatches],methods=[GET]}" onto public java.util.List<com.mimetroupe.entities.Mime> com.mimetroupe.controllers.WillYouBeMimeController.mimeMatches(javax.servlet.http.HttpSession)
2016-03-19 17:23:09.186  INFO 2479 --- [    Test worker] s.w.s.m.m.a.RequestMappingHandlerMapping : Mapped "{[/mime],methods=[POST]}" onto public com.mimetroupe.entities.Mime com.mimetroupe.controllers.WillYouBeMimeController.createMime(com.mimetroupe.entities.Mime) throws java.lang.Exception
2016-03-19 17:23:09.186  INFO 2479 --- [    Test worker] s.w.s.m.m.a.RequestMappingHandlerMapping : Mapped "{[/mime],methods=[GET]}" onto public java.util.List<com.mimetroupe.entities.Mime> com.mimetroupe.controllers.WillYouBeMimeController.displayAllMimesExceptUser(javax.servlet.http.HttpSession) throws java.lang.Exception
2016-03-19 17:23:09.186  INFO 2479 --- [    Test worker] s.w.s.m.m.a.RequestMappingHandlerMapping : Mapped "{[/mine/{id}],methods=[GET]}" onto public com.mimetroupe.entities.Mime com.mimetroupe.controllers.WillYouBeMimeController.displaySingleMime(int)
2016-03-19 17:23:09.187  INFO 2479 --- [    Test worker] s.w.s.m.m.a.RequestMappingHandlerMapping : Mapped "{[/login],methods=[POST]}" onto public com.mimetroupe.entities.Mime com.mimetroupe.controllers.WillYouBeMimeController.login(javax.servlet.http.HttpSession,java.util.HashMap) throws com.mimetroupe.utilities.PasswordStorage$InvalidHashException,com.mimetroupe.utilities.PasswordStorage$CannotPerformOperationException
2016-03-19 17:23:09.187  INFO 2479 --- [    Test worker] s.w.s.m.m.a.RequestMappingHandlerMapping : Mapped "{[/logout],methods=[POST]}" onto public void com.mimetroupe.controllers.WillYouBeMimeController.logout(javax.servlet.http.HttpSession)
2016-03-19 17:23:09.192  INFO 2479 --- [    Test worker] s.w.s.m.m.a.RequestMappingHandlerMapping : Mapped "{[/error]}" onto public org.springframework.http.ResponseEntity<java.util.Map<java.lang.String, java.lang.Object>> org.springframework.boot.autoconfigure.web.BasicErrorController.error(javax.servlet.http.HttpServletRequest)
2016-03-19 17:23:09.193  INFO 2479 --- [    Test worker] s.w.s.m.m.a.RequestMappingHandlerMapping : Mapped "{[/error],produces=[text/html]}" onto public org.springframework.web.servlet.ModelAndView org.springframework.boot.autoconfigure.web.BasicErrorController.errorHtml(javax.servlet.http.HttpServletRequest,javax.servlet.http.HttpServletResponse)
2016-03-19 17:23:09.248  INFO 2479 --- [    Test worker] o.s.w.s.handler.SimpleUrlHandlerMapping  : Mapped URL path [/webjars/**] onto handler of type [class org.springframework.web.servlet.resource.ResourceHttpRequestHandler]
2016-03-19 17:23:09.249  INFO 2479 --- [    Test worker] o.s.w.s.handler.SimpleUrlHandlerMapping  : Mapped URL path [/**] onto handler of type [class org.springframework.web.servlet.resource.ResourceHttpRequestHandler]
2016-03-19 17:23:09.346  INFO 2479 --- [    Test worker] o.s.w.s.handler.SimpleUrlHandlerMapping  : Mapped URL path [/**/favicon.ico] onto handler of type [class org.springframework.web.servlet.resource.ResourceHttpRequestHandler]
2016-03-19 17:23:09.834  INFO 2479 --- [    Test worker] c.m.WillYouBeMimeApplicationTests        : Started WillYouBeMimeApplicationTests in 6.642 seconds (JVM running for 7.827)
2016-03-19 17:23:09.867  INFO 2479 --- [    Test worker] o.s.b.test.SpringBootMockServletContext  : Initializing Spring FrameworkServlet ''
2016-03-19 17:23:09.867  INFO 2479 --- [    Test worker] o.s.t.web.servlet.TestDispatcherServlet  : FrameworkServlet '': initialization started
2016-03-19 17:23:09.888  INFO 2479 --- [    Test worker] o.s.t.web.servlet.TestDispatcherServlet  : FrameworkServlet '': initialization completed in 20 ms
2016-03-19 17:23:11.191  INFO 2479 --- [    Test worker] o.s.b.test.SpringBootMockServletContext  : Initializing Spring FrameworkServlet ''
2016-03-19 17:23:11.191  INFO 2479 --- [    Test worker] o.s.t.web.servlet.TestDispatcherServlet  : FrameworkServlet '': initialization started
2016-03-19 17:23:11.194  INFO 2479 --- [    Test worker] o.s.t.web.servlet.TestDispatcherServlet  : FrameworkServlet '': initialization completed in 3 ms
2016-03-19 17:23:11.490  INFO 2479 --- [    Test worker] o.s.b.test.SpringBootMockServletContext  : Initializing Spring FrameworkServlet ''
2016-03-19 17:23:11.490  INFO 2479 --- [    Test worker] o.s.t.web.servlet.TestDispatcherServlet  : FrameworkServlet '': initialization started
2016-03-19 17:23:11.494  INFO 2479 --- [    Test worker] o.s.t.web.servlet.TestDispatcherServlet  : FrameworkServlet '': initialization completed in 4 ms
2016-03-19 17:23:11.532  INFO 2479 --- [    Test worker] o.s.b.test.SpringBootMockServletContext  : Initializing Spring FrameworkServlet ''
2016-03-19 17:23:11.533  INFO 2479 --- [    Test worker] o.s.t.web.servlet.TestDispatcherServlet  : FrameworkServlet '': initialization started
2016-03-19 17:23:11.536  INFO 2479 --- [    Test worker] o.s.t.web.servlet.TestDispatcherServlet  : FrameworkServlet '': initialization completed in 3 ms
2016-03-19 17:23:11.571  INFO 2479 --- [    Test worker] o.s.b.test.SpringBootMockServletContext  : Initializing Spring FrameworkServlet ''
2016-03-19 17:23:11.572  INFO 2479 --- [    Test worker] o.s.t.web.servlet.TestDispatcherServlet  : FrameworkServlet '': initialization started
2016-03-19 17:23:11.575  INFO 2479 --- [    Test worker] o.s.t.web.servlet.TestDispatcherServlet  : FrameworkServlet '': initialization completed in 3 ms
]]></system-out>
  <system-err><![CDATA[]]></system-err>
</testsuite>
