<?xml version="1.0" encoding="UTF-8"?>
<testsuite name="com.mimetroupe.WillYouBeMimeApplicationTests" tests="2" skipped="0" failures="0" errors="0" timestamp="2016-03-18T00:34:02" hostname="OTR.local" time="1.543">
  <properties/>
  <testcase name="testDisplayAllMimesExceptUser" classname="com.mimetroupe.WillYouBeMimeApplicationTests" time="1.16"/>
  <testcase name="addUser" classname="com.mimetroupe.WillYouBeMimeApplicationTests" time="0.381"/>
  <system-out><![CDATA[20:33:55.785 [Test worker] DEBUG o.s.t.c.j.SpringJUnit4ClassRunner - SpringJUnit4ClassRunner constructor called with [class com.mimetroupe.WillYouBeMimeApplicationTests]
20:33:55.795 [Test worker] DEBUG o.s.test.context.BootstrapUtils - Instantiating CacheAwareContextLoaderDelegate from class [org.springframework.test.context.cache.DefaultCacheAwareContextLoaderDelegate]
20:33:55.799 [Test worker] DEBUG o.s.test.context.BootstrapUtils - Instantiating BootstrapContext using constructor [public org.springframework.test.context.support.DefaultBootstrapContext(java.lang.Class,org.springframework.test.context.CacheAwareContextLoaderDelegate)]
20:33:55.813 [Test worker] DEBUG o.s.test.context.BootstrapUtils - Instantiating TestContextBootstrapper for test class [com.mimetroupe.WillYouBeMimeApplicationTests] from class [org.springframework.test.context.web.WebTestContextBootstrapper]
20:33:55.838 [Test worker] DEBUG o.s.t.c.w.WebTestContextBootstrapper - Found explicit ContextLoader class [org.springframework.boot.test.SpringApplicationContextLoader] for context configuration attributes [ContextConfigurationAttributes@5aa0e743 declaringClass = 'com.mimetroupe.WillYouBeMimeApplicationTests', classes = '{class com.mimetroupe.WillYouBeMimeApplication}', locations = '{}', inheritLocations = true, initializers = '{}', inheritInitializers = true, name = [null], contextLoaderClass = 'org.springframework.boot.test.SpringApplicationContextLoader']
20:33:55.852 [Test worker] DEBUG o.s.t.c.s.AbstractContextLoader - Did not detect default resource location for test class [com.mimetroupe.WillYouBeMimeApplicationTests]: class path resource [com/mimetroupe/WillYouBeMimeApplicationTests-context.xml] does not exist
20:33:55.853 [Test worker] DEBUG o.s.t.c.s.AbstractContextLoader - Did not detect default resource location for test class [com.mimetroupe.WillYouBeMimeApplicationTests]: class path resource [com/mimetroupe/WillYouBeMimeApplicationTestsContext.groovy] does not exist
20:33:55.854 [Test worker] INFO  o.s.t.c.s.AbstractContextLoader - Could not detect default resource locations for test class [com.mimetroupe.WillYouBeMimeApplicationTests]: no resource found for suffixes {-context.xml, Context.groovy}.
20:33:55.858 [Test worker] DEBUG o.s.t.c.support.ActiveProfilesUtils - Could not find an 'annotation declaring class' for annotation type [org.springframework.test.context.ActiveProfiles] and class [com.mimetroupe.WillYouBeMimeApplicationTests]
20:33:55.864 [Test worker] DEBUG o.s.t.c.w.WebTestContextBootstrapper - @TestExecutionListeners is not present for class [com.mimetroupe.WillYouBeMimeApplicationTests]: using defaults.
20:33:55.871 [Test worker] INFO  o.s.t.c.w.WebTestContextBootstrapper - Loaded default TestExecutionListener class names from location [META-INF/spring.factories]: [org.springframework.test.context.web.ServletTestExecutionListener, org.springframework.test.context.support.DirtiesContextBeforeModesTestExecutionListener, org.springframework.test.context.support.DependencyInjectionTestExecutionListener, org.springframework.test.context.support.DirtiesContextTestExecutionListener, org.springframework.test.context.transaction.TransactionalTestExecutionListener, org.springframework.test.context.jdbc.SqlScriptsTestExecutionListener]
20:33:55.893 [Test worker] INFO  o.s.t.c.w.WebTestContextBootstrapper - Using TestExecutionListeners: [org.springframework.test.context.web.ServletTestExecutionListener@8a7b0e9, org.springframework.test.context.support.DirtiesContextBeforeModesTestExecutionListener@779f1804, org.springframework.test.context.support.DependencyInjectionTestExecutionListener@1381417e, org.springframework.test.context.support.DirtiesContextTestExecutionListener@320f6185, org.springframework.test.context.transaction.TransactionalTestExecutionListener@71abfd5, org.springframework.test.context.jdbc.SqlScriptsTestExecutionListener@8cad80a]
20:33:55.898 [Test worker] DEBUG o.s.t.annotation.ProfileValueUtils - Retrieved @ProfileValueSourceConfiguration [null] for test class [com.mimetroupe.WillYouBeMimeApplicationTests]
20:33:55.898 [Test worker] DEBUG o.s.t.annotation.ProfileValueUtils - Retrieved ProfileValueSource type [class org.springframework.test.annotation.SystemProfileValueSource] for class [com.mimetroupe.WillYouBeMimeApplicationTests]
20:33:55.899 [Test worker] DEBUG o.s.t.annotation.ProfileValueUtils - Retrieved @ProfileValueSourceConfiguration [null] for test class [com.mimetroupe.WillYouBeMimeApplicationTests]
20:33:55.899 [Test worker] DEBUG o.s.t.annotation.ProfileValueUtils - Retrieved ProfileValueSource type [class org.springframework.test.annotation.SystemProfileValueSource] for class [com.mimetroupe.WillYouBeMimeApplicationTests]
20:33:55.904 [Test worker] DEBUG o.s.t.c.s.AbstractDirtiesContextTestExecutionListener - Before test class: context [DefaultTestContext@24b51a84 testClass = WillYouBeMimeApplicationTests, testInstance = [null], testMethod = [null], testException = [null], mergedContextConfiguration = [WebMergedContextConfiguration@239cb045 testClass = WillYouBeMimeApplicationTests, locations = '{}', classes = '{class com.mimetroupe.WillYouBeMimeApplication}', contextInitializerClasses = '[]', activeProfiles = '{}', propertySourceLocations = '{}', propertySourceProperties = '{}', resourceBasePath = 'src/main/webapp', contextLoader = 'org.springframework.boot.test.SpringApplicationContextLoader', parent = [null]]], class annotated with @DirtiesContext [false] with mode [null].
20:33:55.905 [Test worker] DEBUG o.s.t.annotation.ProfileValueUtils - Retrieved @ProfileValueSourceConfiguration [null] for test class [com.mimetroupe.WillYouBeMimeApplicationTests]
20:33:55.905 [Test worker] DEBUG o.s.t.annotation.ProfileValueUtils - Retrieved ProfileValueSource type [class org.springframework.test.annotation.SystemProfileValueSource] for class [com.mimetroupe.WillYouBeMimeApplicationTests]
20:33:55.992 [Test worker] DEBUG o.s.core.env.StandardEnvironment - Adding [systemProperties] PropertySource with lowest search precedence
20:33:55.994 [Test worker] DEBUG o.s.core.env.StandardEnvironment - Adding [systemEnvironment] PropertySource with lowest search precedence
20:33:55.995 [Test worker] DEBUG o.s.core.env.StandardEnvironment - Initialized StandardEnvironment with PropertySources [systemProperties,systemEnvironment]
20:33:55.997 [Test worker] DEBUG o.s.core.env.StandardEnvironment - Adding [integrationTest] PropertySource with search precedence immediately lower than [systemEnvironment]

  .   ____          _            __ _ _
 /\\ / ___'_ __ _ _(_)_ __  __ _ \ \ \ \
( ( )\___ | '_ | '_| | '_ \/ _` | \ \ \ \
 \\/  ___)| |_)| | | | | || (_| |  ) ) ) )
  '  |____| .__|_| |_|_| |_\__, | / / / /
 =========|_|==============|___/=/_/_/_/
 :: Spring Boot ::        (v1.3.3.RELEASE)

2016-03-17 20:33:56.644  INFO 5846 --- [    Test worker] c.m.WillYouBeMimeApplicationTests        : Starting WillYouBeMimeApplicationTests on OTR.local with PID 5846 (/Users/branden/JavaProjects/willYouBeMime/build/classes/test started by branden in /Users/branden/JavaProjects/willYouBeMime)
2016-03-17 20:33:56.645  INFO 5846 --- [    Test worker] c.m.WillYouBeMimeApplicationTests        : No active profile set, falling back to default profiles: default
2016-03-17 20:33:56.714  INFO 5846 --- [    Test worker] o.s.w.c.s.GenericWebApplicationContext   : Refreshing org.springframework.web.context.support.GenericWebApplicationContext@5e0c1494: startup date [Thu Mar 17 20:33:56 EDT 2016]; root of context hierarchy
2016-03-17 20:33:57.747  INFO 5846 --- [    Test worker] o.s.b.f.s.DefaultListableBeanFactory     : Overriding bean definition for bean 'beanNameViewResolver' with a different definition: replacing [Root bean: class [null]; scope=; abstract=false; lazyInit=false; autowireMode=3; dependencyCheck=0; autowireCandidate=true; primary=false; factoryBeanName=org.springframework.boot.autoconfigure.web.ErrorMvcAutoConfiguration$WhitelabelErrorViewConfiguration; factoryMethodName=beanNameViewResolver; initMethodName=null; destroyMethodName=(inferred); defined in class path resource [org/springframework/boot/autoconfigure/web/ErrorMvcAutoConfiguration$WhitelabelErrorViewConfiguration.class]] with [Root bean: class [null]; scope=; abstract=false; lazyInit=false; autowireMode=3; dependencyCheck=0; autowireCandidate=true; primary=false; factoryBeanName=org.springframework.boot.autoconfigure.web.WebMvcAutoConfiguration$WebMvcAutoConfigurationAdapter; factoryMethodName=beanNameViewResolver; initMethodName=null; destroyMethodName=(inferred); defined in class path resource [org/springframework/boot/autoconfigure/web/WebMvcAutoConfiguration$WebMvcAutoConfigurationAdapter.class]]
2016-03-17 20:33:58.436  INFO 5846 --- [    Test worker] trationDelegate$BeanPostProcessorChecker : Bean 'org.springframework.transaction.annotation.ProxyTransactionManagementConfiguration' of type [class org.springframework.transaction.annotation.ProxyTransactionManagementConfiguration$$EnhancerBySpringCGLIB$$d8de78ab] is not eligible for getting processed by all BeanPostProcessors (for example: not eligible for auto-proxying)
2016-03-17 20:33:59.193  INFO 5846 --- [    Test worker] j.LocalContainerEntityManagerFactoryBean : Building JPA container EntityManagerFactory for persistence unit 'default'
2016-03-17 20:33:59.228  INFO 5846 --- [    Test worker] o.hibernate.jpa.internal.util.LogHelper  : HHH000204: Processing PersistenceUnitInfo [
	name: default
	...]
2016-03-17 20:33:59.319  INFO 5846 --- [    Test worker] org.hibernate.Version                    : HHH000412: Hibernate Core {4.3.11.Final}
2016-03-17 20:33:59.322  INFO 5846 --- [    Test worker] org.hibernate.cfg.Environment            : HHH000206: hibernate.properties not found
2016-03-17 20:33:59.325  INFO 5846 --- [    Test worker] org.hibernate.cfg.Environment            : HHH000021: Bytecode provider name : javassist
2016-03-17 20:33:59.558  INFO 5846 --- [    Test worker] o.hibernate.annotations.common.Version   : HCANN000001: Hibernate Commons Annotations {4.0.5.Final}
2016-03-17 20:33:59.832  INFO 5846 --- [    Test worker] org.hibernate.dialect.Dialect            : HHH000400: Using dialect: org.hibernate.dialect.H2Dialect
2016-03-17 20:33:59.959  INFO 5846 --- [    Test worker] o.h.h.i.ast.ASTQueryTranslatorFactory    : HHH000397: Using ASTQueryTranslatorFactory
2016-03-17 20:34:00.324  INFO 5846 --- [    Test worker] org.hibernate.tool.hbm2ddl.SchemaUpdate  : HHH000228: Running hbm2ddl schema update
2016-03-17 20:34:00.324  INFO 5846 --- [    Test worker] org.hibernate.tool.hbm2ddl.SchemaUpdate  : HHH000102: Fetching database metadata
2016-03-17 20:34:00.328  INFO 5846 --- [    Test worker] org.hibernate.tool.hbm2ddl.SchemaUpdate  : HHH000396: Updating schema
2016-03-17 20:34:00.336  INFO 5846 --- [    Test worker] java.sql.DatabaseMetaData                : HHH000262: Table not found: admimerer
2016-03-17 20:34:00.338  INFO 5846 --- [    Test worker] java.sql.DatabaseMetaData                : HHH000262: Table not found: mime
2016-03-17 20:34:00.339  INFO 5846 --- [    Test worker] java.sql.DatabaseMetaData                : HHH000262: Table not found: admimerer
2016-03-17 20:34:00.341  INFO 5846 --- [    Test worker] java.sql.DatabaseMetaData                : HHH000262: Table not found: mime
2016-03-17 20:34:00.343  INFO 5846 --- [    Test worker] java.sql.DatabaseMetaData                : HHH000262: Table not found: admimerer
2016-03-17 20:34:00.347  INFO 5846 --- [    Test worker] java.sql.DatabaseMetaData                : HHH000262: Table not found: mime
2016-03-17 20:34:00.376  INFO 5846 --- [    Test worker] org.hibernate.tool.hbm2ddl.SchemaUpdate  : HHH000232: Schema update complete
2016-03-17 20:34:01.508  INFO 5846 --- [    Test worker] s.w.s.m.m.a.RequestMappingHandlerAdapter : Looking for @ControllerAdvice: org.springframework.web.context.support.GenericWebApplicationContext@5e0c1494: startup date [Thu Mar 17 20:33:56 EDT 2016]; root of context hierarchy
2016-03-17 20:34:01.602  INFO 5846 --- [    Test worker] s.w.s.m.m.a.RequestMappingHandlerMapping : Mapped "{[/login],methods=[POST]}" onto public com.mimetroupe.entities.Mime com.mimetroupe.controllers.WillYouBeMimeController.login(javax.servlet.http.HttpSession,java.lang.String,java.lang.String) throws com.mimetroupe.utilities.PasswordStorage$InvalidHashException,com.mimetroupe.utilities.PasswordStorage$CannotPerformOperationException
2016-03-17 20:34:01.604  INFO 5846 --- [    Test worker] s.w.s.m.m.a.RequestMappingHandlerMapping : Mapped "{[/logout],methods=[POST]}" onto public void com.mimetroupe.controllers.WillYouBeMimeController.logout(javax.servlet.http.HttpSession)
2016-03-17 20:34:01.604  INFO 5846 --- [    Test worker] s.w.s.m.m.a.RequestMappingHandlerMapping : Mapped "{[/mime],methods=[POST]}" onto public com.mimetroupe.entities.Mime com.mimetroupe.controllers.WillYouBeMimeController.createMime(com.mimetroupe.entities.Mime) throws java.lang.Exception
2016-03-17 20:34:01.605  INFO 5846 --- [    Test worker] s.w.s.m.m.a.RequestMappingHandlerMapping : Mapped "{[/mime],methods=[GET]}" onto public java.util.List<com.mimetroupe.entities.Mime> com.mimetroupe.controllers.WillYouBeMimeController.displayAllMimesExceptUser(javax.servlet.http.HttpSession) throws java.lang.Exception
2016-03-17 20:34:01.605  INFO 5846 --- [    Test worker] s.w.s.m.m.a.RequestMappingHandlerMapping : Mapped "{[/mine/{id}],methods=[GET]}" onto public com.mimetroupe.entities.Mime com.mimetroupe.controllers.WillYouBeMimeController.displaySingleMime(int)
2016-03-17 20:34:01.606  INFO 5846 --- [    Test worker] s.w.s.m.m.a.RequestMappingHandlerMapping : Mapped "{[/admimerer],methods=[POST]}" onto public void com.mimetroupe.controllers.WillYouBeMimeController.addAdmimerer(javax.servlet.http.HttpSession)
2016-03-17 20:34:01.606  INFO 5846 --- [    Test worker] s.w.s.m.m.a.RequestMappingHandlerMapping : Mapped "{[/admimerer],methods=[GET]}" onto public java.util.List<com.mimetroupe.entities.Mime> com.mimetroupe.controllers.WillYouBeMimeController.viewAdmimerers(javax.servlet.http.HttpSession)
2016-03-17 20:34:01.610  INFO 5846 --- [    Test worker] s.w.s.m.m.a.RequestMappingHandlerMapping : Mapped "{[/error]}" onto public org.springframework.http.ResponseEntity<java.util.Map<java.lang.String, java.lang.Object>> org.springframework.boot.autoconfigure.web.BasicErrorController.error(javax.servlet.http.HttpServletRequest)
2016-03-17 20:34:01.611  INFO 5846 --- [    Test worker] s.w.s.m.m.a.RequestMappingHandlerMapping : Mapped "{[/error],produces=[text/html]}" onto public org.springframework.web.servlet.ModelAndView org.springframework.boot.autoconfigure.web.BasicErrorController.errorHtml(javax.servlet.http.HttpServletRequest,javax.servlet.http.HttpServletResponse)
2016-03-17 20:34:01.663  INFO 5846 --- [    Test worker] o.s.w.s.handler.SimpleUrlHandlerMapping  : Mapped URL path [/webjars/**] onto handler of type [class org.springframework.web.servlet.resource.ResourceHttpRequestHandler]
2016-03-17 20:34:01.663  INFO 5846 --- [    Test worker] o.s.w.s.handler.SimpleUrlHandlerMapping  : Mapped URL path [/**] onto handler of type [class org.springframework.web.servlet.resource.ResourceHttpRequestHandler]
2016-03-17 20:34:01.732  INFO 5846 --- [    Test worker] o.s.w.s.handler.SimpleUrlHandlerMapping  : Mapped URL path [/**/favicon.ico] onto handler of type [class org.springframework.web.servlet.resource.ResourceHttpRequestHandler]
2016-03-17 20:34:02.195  INFO 5846 --- [    Test worker] c.m.WillYouBeMimeApplicationTests        : Started WillYouBeMimeApplicationTests in 6.186 seconds (JVM running for 7.543)
2016-03-17 20:34:02.476  INFO 5846 --- [    Test worker] o.s.b.test.SpringBootMockServletContext  : Initializing Spring FrameworkServlet ''
2016-03-17 20:34:02.477  INFO 5846 --- [    Test worker] o.s.t.web.servlet.TestDispatcherServlet  : FrameworkServlet '': initialization started
2016-03-17 20:34:02.504  INFO 5846 --- [    Test worker] o.s.t.web.servlet.TestDispatcherServlet  : FrameworkServlet '': initialization completed in 27 ms
2016-03-17 20:34:03.410  INFO 5846 --- [    Test worker] o.s.b.test.SpringBootMockServletContext  : Initializing Spring FrameworkServlet ''
2016-03-17 20:34:03.410  INFO 5846 --- [    Test worker] o.s.t.web.servlet.TestDispatcherServlet  : FrameworkServlet '': initialization started
2016-03-17 20:34:03.413  INFO 5846 --- [    Test worker] o.s.t.web.servlet.TestDispatcherServlet  : FrameworkServlet '': initialization completed in 3 ms
]]></system-out>
  <system-err><![CDATA[]]></system-err>
</testsuite>
