<?xml version="1.0" encoding="UTF-8"?>
<testsuite name="com.mimetroupe.WillYouBeMimeApplicationTests" tests="7" skipped="0" failures="0" errors="0" timestamp="2016-03-21T01:34:12" hostname="OTR.local" time="2.427">
  <properties/>
  <testcase name="testA" classname="com.mimetroupe.WillYouBeMimeApplicationTests" time="1.496"/>
  <testcase name="testB" classname="com.mimetroupe.WillYouBeMimeApplicationTests" time="0.708"/>
  <testcase name="testC" classname="com.mimetroupe.WillYouBeMimeApplicationTests" time="0.042"/>
  <testcase name="testD" classname="com.mimetroupe.WillYouBeMimeApplicationTests" time="0.038"/>
  <testcase name="testE" classname="com.mimetroupe.WillYouBeMimeApplicationTests" time="0.027"/>
  <testcase name="testX" classname="com.mimetroupe.WillYouBeMimeApplicationTests" time="0.065"/>
  <testcase name="testZ" classname="com.mimetroupe.WillYouBeMimeApplicationTests" time="0.039"/>
  <system-out><![CDATA[21:34:06.168 [Test worker] DEBUG o.s.t.c.j.SpringJUnit4ClassRunner - SpringJUnit4ClassRunner constructor called with [class com.mimetroupe.WillYouBeMimeApplicationTests]
21:34:06.174 [Test worker] DEBUG o.s.test.context.BootstrapUtils - Instantiating CacheAwareContextLoaderDelegate from class [org.springframework.test.context.cache.DefaultCacheAwareContextLoaderDelegate]
21:34:06.180 [Test worker] DEBUG o.s.test.context.BootstrapUtils - Instantiating BootstrapContext using constructor [public org.springframework.test.context.support.DefaultBootstrapContext(java.lang.Class,org.springframework.test.context.CacheAwareContextLoaderDelegate)]
21:34:06.196 [Test worker] DEBUG o.s.test.context.BootstrapUtils - Instantiating TestContextBootstrapper for test class [com.mimetroupe.WillYouBeMimeApplicationTests] from class [org.springframework.test.context.web.WebTestContextBootstrapper]
21:34:06.222 [Test worker] DEBUG o.s.t.c.w.WebTestContextBootstrapper - Found explicit ContextLoader class [org.springframework.boot.test.SpringApplicationContextLoader] for context configuration attributes [ContextConfigurationAttributes@591110b2 declaringClass = 'com.mimetroupe.WillYouBeMimeApplicationTests', classes = '{class com.mimetroupe.WillYouBeMimeApplication}', locations = '{}', inheritLocations = true, initializers = '{}', inheritInitializers = true, name = [null], contextLoaderClass = 'org.springframework.boot.test.SpringApplicationContextLoader']
21:34:06.235 [Test worker] DEBUG o.s.t.c.s.AbstractContextLoader - Did not detect default resource location for test class [com.mimetroupe.WillYouBeMimeApplicationTests]: class path resource [com/mimetroupe/WillYouBeMimeApplicationTests-context.xml] does not exist
21:34:06.236 [Test worker] DEBUG o.s.t.c.s.AbstractContextLoader - Did not detect default resource location for test class [com.mimetroupe.WillYouBeMimeApplicationTests]: class path resource [com/mimetroupe/WillYouBeMimeApplicationTestsContext.groovy] does not exist
21:34:06.236 [Test worker] INFO  o.s.t.c.s.AbstractContextLoader - Could not detect default resource locations for test class [com.mimetroupe.WillYouBeMimeApplicationTests]: no resource found for suffixes {-context.xml, Context.groovy}.
21:34:06.238 [Test worker] DEBUG o.s.t.c.support.ActiveProfilesUtils - Could not find an 'annotation declaring class' for annotation type [org.springframework.test.context.ActiveProfiles] and class [com.mimetroupe.WillYouBeMimeApplicationTests]
21:34:06.241 [Test worker] DEBUG o.s.t.c.w.WebTestContextBootstrapper - @TestExecutionListeners is not present for class [com.mimetroupe.WillYouBeMimeApplicationTests]: using defaults.
21:34:06.251 [Test worker] INFO  o.s.t.c.w.WebTestContextBootstrapper - Loaded default TestExecutionListener class names from location [META-INF/spring.factories]: [org.springframework.test.context.web.ServletTestExecutionListener, org.springframework.test.context.support.DirtiesContextBeforeModesTestExecutionListener, org.springframework.test.context.support.DependencyInjectionTestExecutionListener, org.springframework.test.context.support.DirtiesContextTestExecutionListener, org.springframework.test.context.transaction.TransactionalTestExecutionListener, org.springframework.test.context.jdbc.SqlScriptsTestExecutionListener]
21:34:06.274 [Test worker] INFO  o.s.t.c.w.WebTestContextBootstrapper - Using TestExecutionListeners: [org.springframework.test.context.web.ServletTestExecutionListener@11d9f2dc, org.springframework.test.context.support.DirtiesContextBeforeModesTestExecutionListener@5893ba2b, org.springframework.test.context.support.DependencyInjectionTestExecutionListener@aa542fb, org.springframework.test.context.support.DirtiesContextTestExecutionListener@5471d12d, org.springframework.test.context.transaction.TransactionalTestExecutionListener@ae0866d, org.springframework.test.context.jdbc.SqlScriptsTestExecutionListener@4f6737f8]
21:34:06.277 [Test worker] DEBUG o.s.t.annotation.ProfileValueUtils - Retrieved @ProfileValueSourceConfiguration [null] for test class [com.mimetroupe.WillYouBeMimeApplicationTests]
21:34:06.278 [Test worker] DEBUG o.s.t.annotation.ProfileValueUtils - Retrieved ProfileValueSource type [class org.springframework.test.annotation.SystemProfileValueSource] for class [com.mimetroupe.WillYouBeMimeApplicationTests]
21:34:06.280 [Test worker] DEBUG o.s.t.annotation.ProfileValueUtils - Retrieved @ProfileValueSourceConfiguration [null] for test class [com.mimetroupe.WillYouBeMimeApplicationTests]
21:34:06.280 [Test worker] DEBUG o.s.t.annotation.ProfileValueUtils - Retrieved ProfileValueSource type [class org.springframework.test.annotation.SystemProfileValueSource] for class [com.mimetroupe.WillYouBeMimeApplicationTests]
21:34:06.285 [Test worker] DEBUG o.s.t.c.s.AbstractDirtiesContextTestExecutionListener - Before test class: context [DefaultTestContext@12bcd0c7 testClass = WillYouBeMimeApplicationTests, testInstance = [null], testMethod = [null], testException = [null], mergedContextConfiguration = [WebMergedContextConfiguration@492e673b testClass = WillYouBeMimeApplicationTests, locations = '{}', classes = '{class com.mimetroupe.WillYouBeMimeApplication}', contextInitializerClasses = '[]', activeProfiles = '{}', propertySourceLocations = '{}', propertySourceProperties = '{}', resourceBasePath = 'src/main/webapp', contextLoader = 'org.springframework.boot.test.SpringApplicationContextLoader', parent = [null]]], class annotated with @DirtiesContext [false] with mode [null].
21:34:06.286 [Test worker] DEBUG o.s.t.annotation.ProfileValueUtils - Retrieved @ProfileValueSourceConfiguration [null] for test class [com.mimetroupe.WillYouBeMimeApplicationTests]
21:34:06.286 [Test worker] DEBUG o.s.t.annotation.ProfileValueUtils - Retrieved ProfileValueSource type [class org.springframework.test.annotation.SystemProfileValueSource] for class [com.mimetroupe.WillYouBeMimeApplicationTests]
21:34:06.363 [Test worker] DEBUG o.s.core.env.StandardEnvironment - Adding [systemProperties] PropertySource with lowest search precedence
21:34:06.364 [Test worker] DEBUG o.s.core.env.StandardEnvironment - Adding [systemEnvironment] PropertySource with lowest search precedence
21:34:06.365 [Test worker] DEBUG o.s.core.env.StandardEnvironment - Initialized StandardEnvironment with PropertySources [systemProperties,systemEnvironment]
21:34:06.367 [Test worker] DEBUG o.s.core.env.StandardEnvironment - Adding [integrationTest] PropertySource with search precedence immediately lower than [systemEnvironment]

  .   ____          _            __ _ _
 /\\ / ___'_ __ _ _(_)_ __  __ _ \ \ \ \
( ( )\___ | '_ | '_| | '_ \/ _` | \ \ \ \
 \\/  ___)| |_)| | | | | || (_| |  ) ) ) )
  '  |____| .__|_| |_|_| |_\__, | / / / /
 =========|_|==============|___/=/_/_/_/
 :: Spring Boot ::        (v1.3.3.RELEASE)

2016-03-20 21:34:06.973  INFO 4141 --- [    Test worker] c.m.WillYouBeMimeApplicationTests        : Starting WillYouBeMimeApplicationTests on OTR.local with PID 4141 (/Users/branden/JavaProjects/willYouBeMime/build/classes/test started by branden in /Users/branden/JavaProjects/willYouBeMime)
2016-03-20 21:34:06.975  INFO 4141 --- [    Test worker] c.m.WillYouBeMimeApplicationTests        : No active profile set, falling back to default profiles: default
2016-03-20 21:34:07.050  INFO 4141 --- [    Test worker] o.s.w.c.s.GenericWebApplicationContext   : Refreshing org.springframework.web.context.support.GenericWebApplicationContext@34e74ca7: startup date [Sun Mar 20 21:34:07 EDT 2016]; root of context hierarchy
2016-03-20 21:34:08.131  INFO 4141 --- [    Test worker] o.s.b.f.s.DefaultListableBeanFactory     : Overriding bean definition for bean 'beanNameViewResolver' with a different definition: replacing [Root bean: class [null]; scope=; abstract=false; lazyInit=false; autowireMode=3; dependencyCheck=0; autowireCandidate=true; primary=false; factoryBeanName=org.springframework.boot.autoconfigure.web.ErrorMvcAutoConfiguration$WhitelabelErrorViewConfiguration; factoryMethodName=beanNameViewResolver; initMethodName=null; destroyMethodName=(inferred); defined in class path resource [org/springframework/boot/autoconfigure/web/ErrorMvcAutoConfiguration$WhitelabelErrorViewConfiguration.class]] with [Root bean: class [null]; scope=; abstract=false; lazyInit=false; autowireMode=3; dependencyCheck=0; autowireCandidate=true; primary=false; factoryBeanName=org.springframework.boot.autoconfigure.web.WebMvcAutoConfiguration$WebMvcAutoConfigurationAdapter; factoryMethodName=beanNameViewResolver; initMethodName=null; destroyMethodName=(inferred); defined in class path resource [org/springframework/boot/autoconfigure/web/WebMvcAutoConfiguration$WebMvcAutoConfigurationAdapter.class]]
2016-03-20 21:34:08.773  INFO 4141 --- [    Test worker] trationDelegate$BeanPostProcessorChecker : Bean 'org.springframework.transaction.annotation.ProxyTransactionManagementConfiguration' of type [class org.springframework.transaction.annotation.ProxyTransactionManagementConfiguration$$EnhancerBySpringCGLIB$$9f38becb] is not eligible for getting processed by all BeanPostProcessors (for example: not eligible for auto-proxying)
2016-03-20 21:34:09.341  INFO 4141 --- [    Test worker] j.LocalContainerEntityManagerFactoryBean : Building JPA container EntityManagerFactory for persistence unit 'default'
2016-03-20 21:34:09.376  INFO 4141 --- [    Test worker] o.hibernate.jpa.internal.util.LogHelper  : HHH000204: Processing PersistenceUnitInfo [
	name: default
	...]
2016-03-20 21:34:09.472  INFO 4141 --- [    Test worker] org.hibernate.Version                    : HHH000412: Hibernate Core {4.3.11.Final}
2016-03-20 21:34:09.475  INFO 4141 --- [    Test worker] org.hibernate.cfg.Environment            : HHH000206: hibernate.properties not found
2016-03-20 21:34:09.478  INFO 4141 --- [    Test worker] org.hibernate.cfg.Environment            : HHH000021: Bytecode provider name : javassist
2016-03-20 21:34:09.774  INFO 4141 --- [    Test worker] o.hibernate.annotations.common.Version   : HCANN000001: Hibernate Commons Annotations {4.0.5.Final}
2016-03-20 21:34:10.130  INFO 4141 --- [    Test worker] org.hibernate.dialect.Dialect            : HHH000400: Using dialect: org.hibernate.dialect.H2Dialect
2016-03-20 21:34:10.321  INFO 4141 --- [    Test worker] o.h.h.i.ast.ASTQueryTranslatorFactory    : HHH000397: Using ASTQueryTranslatorFactory
2016-03-20 21:34:10.761  INFO 4141 --- [    Test worker] org.hibernate.tool.hbm2ddl.SchemaUpdate  : HHH000228: Running hbm2ddl schema update
2016-03-20 21:34:10.762  INFO 4141 --- [    Test worker] org.hibernate.tool.hbm2ddl.SchemaUpdate  : HHH000102: Fetching database metadata
2016-03-20 21:34:10.764  INFO 4141 --- [    Test worker] org.hibernate.tool.hbm2ddl.SchemaUpdate  : HHH000396: Updating schema
2016-03-20 21:34:10.774  INFO 4141 --- [    Test worker] java.sql.DatabaseMetaData                : HHH000262: Table not found: admimerer
2016-03-20 21:34:10.776  INFO 4141 --- [    Test worker] java.sql.DatabaseMetaData                : HHH000262: Table not found: mime
2016-03-20 21:34:10.778  INFO 4141 --- [    Test worker] java.sql.DatabaseMetaData                : HHH000262: Table not found: admimerer
2016-03-20 21:34:10.780  INFO 4141 --- [    Test worker] java.sql.DatabaseMetaData                : HHH000262: Table not found: mime
2016-03-20 21:34:10.782  INFO 4141 --- [    Test worker] java.sql.DatabaseMetaData                : HHH000262: Table not found: admimerer
2016-03-20 21:34:10.785  INFO 4141 --- [    Test worker] java.sql.DatabaseMetaData                : HHH000262: Table not found: mime
2016-03-20 21:34:10.811  INFO 4141 --- [    Test worker] org.hibernate.tool.hbm2ddl.SchemaUpdate  : HHH000232: Schema update complete
2016-03-20 21:34:11.976  INFO 4141 --- [    Test worker] s.w.s.m.m.a.RequestMappingHandlerAdapter : Looking for @ControllerAdvice: org.springframework.web.context.support.GenericWebApplicationContext@34e74ca7: startup date [Sun Mar 20 21:34:07 EDT 2016]; root of context hierarchy
2016-03-20 21:34:12.094  INFO 4141 --- [    Test worker] s.w.s.m.m.a.RequestMappingHandlerMapping : Mapped "{[/mime],methods=[GET]}" onto public java.util.List<com.mimetroupe.entities.Mime> com.mimetroupe.controllers.WillYouBeMimeController.displayAllMimesExceptUser(javax.servlet.http.HttpSession) throws java.lang.Exception
2016-03-20 21:34:12.096  INFO 4141 --- [    Test worker] s.w.s.m.m.a.RequestMappingHandlerMapping : Mapped "{[/mine/{id}],methods=[GET]}" onto public com.mimetroupe.entities.Mime com.mimetroupe.controllers.WillYouBeMimeController.displaySingleMime(int)
2016-03-20 21:34:12.097  INFO 4141 --- [    Test worker] s.w.s.m.m.a.RequestMappingHandlerMapping : Mapped "{[/admimerer],methods=[POST]}" onto public void com.mimetroupe.controllers.WillYouBeMimeController.addAdmimerer(javax.servlet.http.HttpSession,com.mimetroupe.entities.Mime) throws java.lang.Exception
2016-03-20 21:34:12.097  INFO 4141 --- [    Test worker] s.w.s.m.m.a.RequestMappingHandlerMapping : Mapped "{[/mime/{id}],methods=[DELETE]}" onto public void com.mimetroupe.controllers.WillYouBeMimeController.deleteProfile(javax.servlet.http.HttpSession,java.lang.Integer) throws java.lang.Exception
2016-03-20 21:34:12.098  INFO 4141 --- [    Test worker] s.w.s.m.m.a.RequestMappingHandlerMapping : Mapped "{[/mime],methods=[POST]}" onto public com.mimetroupe.entities.Mime com.mimetroupe.controllers.WillYouBeMimeController.createMime(com.mimetroupe.entities.Mime) throws java.lang.Exception
2016-03-20 21:34:12.099  INFO 4141 --- [    Test worker] s.w.s.m.m.a.RequestMappingHandlerMapping : Mapped "{[/mime],methods=[PUT]}" onto public void com.mimetroupe.controllers.WillYouBeMimeController.editProfile(com.mimetroupe.entities.Mime,javax.servlet.http.HttpSession) throws java.lang.Exception
2016-03-20 21:34:12.100  INFO 4141 --- [    Test worker] s.w.s.m.m.a.RequestMappingHandlerMapping : Mapped "{[/mime/{id}],methods=[PUT]}" onto public void com.mimetroupe.controllers.WillYouBeMimeController.editProfile(com.mimetroupe.entities.Mime,javax.servlet.http.HttpSession,java.lang.Integer) throws java.lang.Exception
2016-03-20 21:34:12.101  INFO 4141 --- [    Test worker] s.w.s.m.m.a.RequestMappingHandlerMapping : Mapped "{[/mimesAdmimerers],methods=[GET]}" onto public java.util.List<com.mimetroupe.entities.Mime> com.mimetroupe.controllers.WillYouBeMimeController.mimesAdmimerers(javax.servlet.http.HttpSession)
2016-03-20 21:34:12.102  INFO 4141 --- [    Test worker] s.w.s.m.m.a.RequestMappingHandlerMapping : Mapped "{[/mimeMatches],methods=[GET]}" onto public java.util.List<com.mimetroupe.entities.Mime> com.mimetroupe.controllers.WillYouBeMimeController.mimeMatches(javax.servlet.http.HttpSession)
2016-03-20 21:34:12.103  INFO 4141 --- [    Test worker] s.w.s.m.m.a.RequestMappingHandlerMapping : Mapped "{[/admimerer/{id}],methods=[POST]}" onto public void com.mimetroupe.controllers.WillYouBeMimeController.addAdmimererSingle(javax.servlet.http.HttpSession,com.mimetroupe.entities.Mime,java.lang.Integer) throws java.lang.Exception
2016-03-20 21:34:12.104  INFO 4141 --- [    Test worker] s.w.s.m.m.a.RequestMappingHandlerMapping : Mapped "{[/admimerer],methods=[GET]}" onto public java.util.List<com.mimetroupe.entities.Mime> com.mimetroupe.controllers.WillYouBeMimeController.viewAdmimerers(javax.servlet.http.HttpSession)
2016-03-20 21:34:12.105  INFO 4141 --- [    Test worker] s.w.s.m.m.a.RequestMappingHandlerMapping : Mapped "{[/login],methods=[POST]}" onto public com.mimetroupe.entities.Mime com.mimetroupe.controllers.WillYouBeMimeController.login(javax.servlet.http.HttpSession,java.util.HashMap) throws com.mimetroupe.utilities.PasswordStorage$InvalidHashException,com.mimetroupe.utilities.PasswordStorage$CannotPerformOperationException
2016-03-20 21:34:12.105  INFO 4141 --- [    Test worker] s.w.s.m.m.a.RequestMappingHandlerMapping : Mapped "{[/logout],methods=[POST]}" onto public void com.mimetroupe.controllers.WillYouBeMimeController.logout(javax.servlet.http.HttpSession)
2016-03-20 21:34:12.113  INFO 4141 --- [    Test worker] s.w.s.m.m.a.RequestMappingHandlerMapping : Mapped "{[/error]}" onto public org.springframework.http.ResponseEntity<java.util.Map<java.lang.String, java.lang.Object>> org.springframework.boot.autoconfigure.web.BasicErrorController.error(javax.servlet.http.HttpServletRequest)
2016-03-20 21:34:12.114  INFO 4141 --- [    Test worker] s.w.s.m.m.a.RequestMappingHandlerMapping : Mapped "{[/error],produces=[text/html]}" onto public org.springframework.web.servlet.ModelAndView org.springframework.boot.autoconfigure.web.BasicErrorController.errorHtml(javax.servlet.http.HttpServletRequest,javax.servlet.http.HttpServletResponse)
2016-03-20 21:34:12.165  INFO 4141 --- [    Test worker] o.s.w.s.handler.SimpleUrlHandlerMapping  : Mapped URL path [/webjars/**] onto handler of type [class org.springframework.web.servlet.resource.ResourceHttpRequestHandler]
2016-03-20 21:34:12.165  INFO 4141 --- [    Test worker] o.s.w.s.handler.SimpleUrlHandlerMapping  : Mapped URL path [/**] onto handler of type [class org.springframework.web.servlet.resource.ResourceHttpRequestHandler]
2016-03-20 21:34:12.229  INFO 4141 --- [    Test worker] o.s.w.s.handler.SimpleUrlHandlerMapping  : Mapped URL path [/**/favicon.ico] onto handler of type [class org.springframework.web.servlet.resource.ResourceHttpRequestHandler]
2016-03-20 21:34:12.711  INFO 4141 --- [    Test worker] c.m.WillYouBeMimeApplicationTests        : Started WillYouBeMimeApplicationTests in 6.333 seconds (JVM running for 7.543)
2016-03-20 21:34:12.768  INFO 4141 --- [    Test worker] o.s.b.test.SpringBootMockServletContext  : Initializing Spring FrameworkServlet ''
2016-03-20 21:34:12.768  INFO 4141 --- [    Test worker] o.s.t.web.servlet.TestDispatcherServlet  : FrameworkServlet '': initialization started
2016-03-20 21:34:12.790  INFO 4141 --- [    Test worker] o.s.t.web.servlet.TestDispatcherServlet  : FrameworkServlet '': initialization completed in 22 ms
2016-03-20 21:34:14.249  INFO 4141 --- [    Test worker] o.s.b.test.SpringBootMockServletContext  : Initializing Spring FrameworkServlet ''
2016-03-20 21:34:14.250  INFO 4141 --- [    Test worker] o.s.t.web.servlet.TestDispatcherServlet  : FrameworkServlet '': initialization started
2016-03-20 21:34:14.254  INFO 4141 --- [    Test worker] o.s.t.web.servlet.TestDispatcherServlet  : FrameworkServlet '': initialization completed in 4 ms
2016-03-20 21:34:14.958  INFO 4141 --- [    Test worker] o.s.b.test.SpringBootMockServletContext  : Initializing Spring FrameworkServlet ''
2016-03-20 21:34:14.959  INFO 4141 --- [    Test worker] o.s.t.web.servlet.TestDispatcherServlet  : FrameworkServlet '': initialization started
2016-03-20 21:34:14.963  INFO 4141 --- [    Test worker] o.s.t.web.servlet.TestDispatcherServlet  : FrameworkServlet '': initialization completed in 4 ms
2016-03-20 21:34:15.001  INFO 4141 --- [    Test worker] o.s.b.test.SpringBootMockServletContext  : Initializing Spring FrameworkServlet ''
2016-03-20 21:34:15.002  INFO 4141 --- [    Test worker] o.s.t.web.servlet.TestDispatcherServlet  : FrameworkServlet '': initialization started
2016-03-20 21:34:15.005  INFO 4141 --- [    Test worker] o.s.t.web.servlet.TestDispatcherServlet  : FrameworkServlet '': initialization completed in 3 ms
2016-03-20 21:34:15.041  INFO 4141 --- [    Test worker] o.s.b.test.SpringBootMockServletContext  : Initializing Spring FrameworkServlet ''
2016-03-20 21:34:15.042  INFO 4141 --- [    Test worker] o.s.t.web.servlet.TestDispatcherServlet  : FrameworkServlet '': initialization started
2016-03-20 21:34:15.046  INFO 4141 --- [    Test worker] o.s.t.web.servlet.TestDispatcherServlet  : FrameworkServlet '': initialization completed in 4 ms
2016-03-20 21:34:15.071  INFO 4141 --- [    Test worker] o.s.b.test.SpringBootMockServletContext  : Initializing Spring FrameworkServlet ''
2016-03-20 21:34:15.072  INFO 4141 --- [    Test worker] o.s.t.web.servlet.TestDispatcherServlet  : FrameworkServlet '': initialization started
2016-03-20 21:34:15.076  INFO 4141 --- [    Test worker] o.s.t.web.servlet.TestDispatcherServlet  : FrameworkServlet '': initialization completed in 4 ms
2016-03-20 21:34:15.140  INFO 4141 --- [    Test worker] o.s.b.test.SpringBootMockServletContext  : Initializing Spring FrameworkServlet ''
2016-03-20 21:34:15.140  INFO 4141 --- [    Test worker] o.s.t.web.servlet.TestDispatcherServlet  : FrameworkServlet '': initialization started
2016-03-20 21:34:15.145  INFO 4141 --- [    Test worker] o.s.t.web.servlet.TestDispatcherServlet  : FrameworkServlet '': initialization completed in 5 ms
]]></system-out>
  <system-err><![CDATA[]]></system-err>
</testsuite>
