<?xml version="1.0" encoding="UTF-8"?>
<testsuite name="com.mimetroupe.WillYouBeMimeApplicationTests" tests="5" skipped="0" failures="0" errors="0" timestamp="2016-03-18T19:50:14" hostname="OTR.local" time="2.073">
  <properties/>
  <testcase name="testA" classname="com.mimetroupe.WillYouBeMimeApplicationTests" time="1.396"/>
  <testcase name="testB" classname="com.mimetroupe.WillYouBeMimeApplicationTests" time="0.58"/>
  <testcase name="testC" classname="com.mimetroupe.WillYouBeMimeApplicationTests" time="0.038"/>
  <testcase name="testD" classname="com.mimetroupe.WillYouBeMimeApplicationTests" time="0.046"/>
  <testcase name="testE" classname="com.mimetroupe.WillYouBeMimeApplicationTests" time="0.006"/>
  <system-out><![CDATA[15:50:08.012 [Test worker] DEBUG o.s.t.c.j.SpringJUnit4ClassRunner - SpringJUnit4ClassRunner constructor called with [class com.mimetroupe.WillYouBeMimeApplicationTests]
15:50:08.022 [Test worker] DEBUG o.s.test.context.BootstrapUtils - Instantiating CacheAwareContextLoaderDelegate from class [org.springframework.test.context.cache.DefaultCacheAwareContextLoaderDelegate]
15:50:08.028 [Test worker] DEBUG o.s.test.context.BootstrapUtils - Instantiating BootstrapContext using constructor [public org.springframework.test.context.support.DefaultBootstrapContext(java.lang.Class,org.springframework.test.context.CacheAwareContextLoaderDelegate)]
15:50:08.043 [Test worker] DEBUG o.s.test.context.BootstrapUtils - Instantiating TestContextBootstrapper for test class [com.mimetroupe.WillYouBeMimeApplicationTests] from class [org.springframework.test.context.web.WebTestContextBootstrapper]
15:50:08.071 [Test worker] DEBUG o.s.t.c.w.WebTestContextBootstrapper - Found explicit ContextLoader class [org.springframework.boot.test.SpringApplicationContextLoader] for context configuration attributes [ContextConfigurationAttributes@4c6a138c declaringClass = 'com.mimetroupe.WillYouBeMimeApplicationTests', classes = '{class com.mimetroupe.WillYouBeMimeApplication}', locations = '{}', inheritLocations = true, initializers = '{}', inheritInitializers = true, name = [null], contextLoaderClass = 'org.springframework.boot.test.SpringApplicationContextLoader']
15:50:08.088 [Test worker] DEBUG o.s.t.c.s.AbstractContextLoader - Did not detect default resource location for test class [com.mimetroupe.WillYouBeMimeApplicationTests]: class path resource [com/mimetroupe/WillYouBeMimeApplicationTests-context.xml] does not exist
15:50:08.089 [Test worker] DEBUG o.s.t.c.s.AbstractContextLoader - Did not detect default resource location for test class [com.mimetroupe.WillYouBeMimeApplicationTests]: class path resource [com/mimetroupe/WillYouBeMimeApplicationTestsContext.groovy] does not exist
15:50:08.089 [Test worker] INFO  o.s.t.c.s.AbstractContextLoader - Could not detect default resource locations for test class [com.mimetroupe.WillYouBeMimeApplicationTests]: no resource found for suffixes {-context.xml, Context.groovy}.
15:50:08.091 [Test worker] DEBUG o.s.t.c.support.ActiveProfilesUtils - Could not find an 'annotation declaring class' for annotation type [org.springframework.test.context.ActiveProfiles] and class [com.mimetroupe.WillYouBeMimeApplicationTests]
15:50:08.094 [Test worker] DEBUG o.s.t.c.w.WebTestContextBootstrapper - @TestExecutionListeners is not present for class [com.mimetroupe.WillYouBeMimeApplicationTests]: using defaults.
15:50:08.103 [Test worker] INFO  o.s.t.c.w.WebTestContextBootstrapper - Loaded default TestExecutionListener class names from location [META-INF/spring.factories]: [org.springframework.test.context.web.ServletTestExecutionListener, org.springframework.test.context.support.DirtiesContextBeforeModesTestExecutionListener, org.springframework.test.context.support.DependencyInjectionTestExecutionListener, org.springframework.test.context.support.DirtiesContextTestExecutionListener, org.springframework.test.context.transaction.TransactionalTestExecutionListener, org.springframework.test.context.jdbc.SqlScriptsTestExecutionListener]
15:50:08.122 [Test worker] INFO  o.s.t.c.w.WebTestContextBootstrapper - Using TestExecutionListeners: [org.springframework.test.context.web.ServletTestExecutionListener@23b89339, org.springframework.test.context.support.DirtiesContextBeforeModesTestExecutionListener@61e0fa43, org.springframework.test.context.support.DependencyInjectionTestExecutionListener@2c369051, org.springframework.test.context.support.DirtiesContextTestExecutionListener@111d3f7a, org.springframework.test.context.transaction.TransactionalTestExecutionListener@765b473b, org.springframework.test.context.jdbc.SqlScriptsTestExecutionListener@108f9951]
15:50:08.125 [Test worker] DEBUG o.s.t.annotation.ProfileValueUtils - Retrieved @ProfileValueSourceConfiguration [null] for test class [com.mimetroupe.WillYouBeMimeApplicationTests]
15:50:08.126 [Test worker] DEBUG o.s.t.annotation.ProfileValueUtils - Retrieved ProfileValueSource type [class org.springframework.test.annotation.SystemProfileValueSource] for class [com.mimetroupe.WillYouBeMimeApplicationTests]
15:50:08.127 [Test worker] DEBUG o.s.t.annotation.ProfileValueUtils - Retrieved @ProfileValueSourceConfiguration [null] for test class [com.mimetroupe.WillYouBeMimeApplicationTests]
15:50:08.127 [Test worker] DEBUG o.s.t.annotation.ProfileValueUtils - Retrieved ProfileValueSource type [class org.springframework.test.annotation.SystemProfileValueSource] for class [com.mimetroupe.WillYouBeMimeApplicationTests]
15:50:08.131 [Test worker] DEBUG o.s.t.c.s.AbstractDirtiesContextTestExecutionListener - Before test class: context [DefaultTestContext@300f89cd testClass = WillYouBeMimeApplicationTests, testInstance = [null], testMethod = [null], testException = [null], mergedContextConfiguration = [WebMergedContextConfiguration@511e4364 testClass = WillYouBeMimeApplicationTests, locations = '{}', classes = '{class com.mimetroupe.WillYouBeMimeApplication}', contextInitializerClasses = '[]', activeProfiles = '{}', propertySourceLocations = '{}', propertySourceProperties = '{}', resourceBasePath = 'src/main/webapp', contextLoader = 'org.springframework.boot.test.SpringApplicationContextLoader', parent = [null]]], class annotated with @DirtiesContext [false] with mode [null].
15:50:08.133 [Test worker] DEBUG o.s.t.annotation.ProfileValueUtils - Retrieved @ProfileValueSourceConfiguration [null] for test class [com.mimetroupe.WillYouBeMimeApplicationTests]
15:50:08.133 [Test worker] DEBUG o.s.t.annotation.ProfileValueUtils - Retrieved ProfileValueSource type [class org.springframework.test.annotation.SystemProfileValueSource] for class [com.mimetroupe.WillYouBeMimeApplicationTests]
15:50:08.222 [Test worker] DEBUG o.s.core.env.StandardEnvironment - Adding [systemProperties] PropertySource with lowest search precedence
15:50:08.225 [Test worker] DEBUG o.s.core.env.StandardEnvironment - Adding [systemEnvironment] PropertySource with lowest search precedence
15:50:08.226 [Test worker] DEBUG o.s.core.env.StandardEnvironment - Initialized StandardEnvironment with PropertySources [systemProperties,systemEnvironment]
15:50:08.228 [Test worker] DEBUG o.s.core.env.StandardEnvironment - Adding [integrationTest] PropertySource with search precedence immediately lower than [systemEnvironment]

  .   ____          _            __ _ _
 /\\ / ___'_ __ _ _(_)_ __  __ _ \ \ \ \
( ( )\___ | '_ | '_| | '_ \/ _` | \ \ \ \
 \\/  ___)| |_)| | | | | || (_| |  ) ) ) )
  '  |____| .__|_| |_|_| |_\__, | / / / /
 =========|_|==============|___/=/_/_/_/
 :: Spring Boot ::        (v1.3.3.RELEASE)

2016-03-18 15:50:08.589  INFO 7484 --- [    Test worker] c.m.WillYouBeMimeApplicationTests        : Starting WillYouBeMimeApplicationTests on OTR.local with PID 7484 (/Users/branden/JavaProjects/willYouBeMime/build/classes/test started by branden in /Users/branden/JavaProjects/willYouBeMime)
2016-03-18 15:50:08.589  INFO 7484 --- [    Test worker] c.m.WillYouBeMimeApplicationTests        : No active profile set, falling back to default profiles: default
2016-03-18 15:50:08.722  INFO 7484 --- [    Test worker] o.s.w.c.s.GenericWebApplicationContext   : Refreshing org.springframework.web.context.support.GenericWebApplicationContext@5434921c: startup date [Fri Mar 18 15:50:08 EDT 2016]; root of context hierarchy
2016-03-18 15:50:10.031  INFO 7484 --- [    Test worker] o.s.b.f.s.DefaultListableBeanFactory     : Overriding bean definition for bean 'beanNameViewResolver' with a different definition: replacing [Root bean: class [null]; scope=; abstract=false; lazyInit=false; autowireMode=3; dependencyCheck=0; autowireCandidate=true; primary=false; factoryBeanName=org.springframework.boot.autoconfigure.web.ErrorMvcAutoConfiguration$WhitelabelErrorViewConfiguration; factoryMethodName=beanNameViewResolver; initMethodName=null; destroyMethodName=(inferred); defined in class path resource [org/springframework/boot/autoconfigure/web/ErrorMvcAutoConfiguration$WhitelabelErrorViewConfiguration.class]] with [Root bean: class [null]; scope=; abstract=false; lazyInit=false; autowireMode=3; dependencyCheck=0; autowireCandidate=true; primary=false; factoryBeanName=org.springframework.boot.autoconfigure.web.WebMvcAutoConfiguration$WebMvcAutoConfigurationAdapter; factoryMethodName=beanNameViewResolver; initMethodName=null; destroyMethodName=(inferred); defined in class path resource [org/springframework/boot/autoconfigure/web/WebMvcAutoConfiguration$WebMvcAutoConfigurationAdapter.class]]
2016-03-18 15:50:10.681  INFO 7484 --- [    Test worker] trationDelegate$BeanPostProcessorChecker : Bean 'org.springframework.transaction.annotation.ProxyTransactionManagementConfiguration' of type [class org.springframework.transaction.annotation.ProxyTransactionManagementConfiguration$$EnhancerBySpringCGLIB$$306bf01d] is not eligible for getting processed by all BeanPostProcessors (for example: not eligible for auto-proxying)
2016-03-18 15:50:11.421  INFO 7484 --- [    Test worker] j.LocalContainerEntityManagerFactoryBean : Building JPA container EntityManagerFactory for persistence unit 'default'
2016-03-18 15:50:11.469  INFO 7484 --- [    Test worker] o.hibernate.jpa.internal.util.LogHelper  : HHH000204: Processing PersistenceUnitInfo [
	name: default
	...]
2016-03-18 15:50:11.644  INFO 7484 --- [    Test worker] org.hibernate.Version                    : HHH000412: Hibernate Core {4.3.11.Final}
2016-03-18 15:50:11.648  INFO 7484 --- [    Test worker] org.hibernate.cfg.Environment            : HHH000206: hibernate.properties not found
2016-03-18 15:50:11.651  INFO 7484 --- [    Test worker] org.hibernate.cfg.Environment            : HHH000021: Bytecode provider name : javassist
2016-03-18 15:50:11.971  INFO 7484 --- [    Test worker] o.hibernate.annotations.common.Version   : HCANN000001: Hibernate Commons Annotations {4.0.5.Final}
2016-03-18 15:50:12.268  INFO 7484 --- [    Test worker] org.hibernate.dialect.Dialect            : HHH000400: Using dialect: org.hibernate.dialect.H2Dialect
2016-03-18 15:50:12.392  INFO 7484 --- [    Test worker] o.h.h.i.ast.ASTQueryTranslatorFactory    : HHH000397: Using ASTQueryTranslatorFactory
2016-03-18 15:50:12.761  INFO 7484 --- [    Test worker] org.hibernate.tool.hbm2ddl.SchemaUpdate  : HHH000228: Running hbm2ddl schema update
2016-03-18 15:50:12.762  INFO 7484 --- [    Test worker] org.hibernate.tool.hbm2ddl.SchemaUpdate  : HHH000102: Fetching database metadata
2016-03-18 15:50:12.765  INFO 7484 --- [    Test worker] org.hibernate.tool.hbm2ddl.SchemaUpdate  : HHH000396: Updating schema
2016-03-18 15:50:12.775  INFO 7484 --- [    Test worker] java.sql.DatabaseMetaData                : HHH000262: Table not found: admimerer
2016-03-18 15:50:12.777  INFO 7484 --- [    Test worker] java.sql.DatabaseMetaData                : HHH000262: Table not found: mime
2016-03-18 15:50:12.778  INFO 7484 --- [    Test worker] java.sql.DatabaseMetaData                : HHH000262: Table not found: admimerer
2016-03-18 15:50:12.780  INFO 7484 --- [    Test worker] java.sql.DatabaseMetaData                : HHH000262: Table not found: mime
2016-03-18 15:50:12.781  INFO 7484 --- [    Test worker] java.sql.DatabaseMetaData                : HHH000262: Table not found: admimerer
2016-03-18 15:50:12.784  INFO 7484 --- [    Test worker] java.sql.DatabaseMetaData                : HHH000262: Table not found: mime
2016-03-18 15:50:12.815  INFO 7484 --- [    Test worker] org.hibernate.tool.hbm2ddl.SchemaUpdate  : HHH000232: Schema update complete
2016-03-18 15:50:14.011  INFO 7484 --- [    Test worker] s.w.s.m.m.a.RequestMappingHandlerAdapter : Looking for @ControllerAdvice: org.springframework.web.context.support.GenericWebApplicationContext@5434921c: startup date [Fri Mar 18 15:50:08 EDT 2016]; root of context hierarchy
2016-03-18 15:50:14.132  INFO 7484 --- [    Test worker] s.w.s.m.m.a.RequestMappingHandlerMapping : Mapped "{[/mime],methods=[POST]}" onto public com.mimetroupe.entities.Mime com.mimetroupe.controllers.WillYouBeMimeController.createMime(com.mimetroupe.entities.Mime) throws java.lang.Exception
2016-03-18 15:50:14.134  INFO 7484 --- [    Test worker] s.w.s.m.m.a.RequestMappingHandlerMapping : Mapped "{[/mine/{id}],methods=[GET]}" onto public com.mimetroupe.entities.Mime com.mimetroupe.controllers.WillYouBeMimeController.displaySingleMime(int)
2016-03-18 15:50:14.135  INFO 7484 --- [    Test worker] s.w.s.m.m.a.RequestMappingHandlerMapping : Mapped "{[/mime],methods=[GET]}" onto public java.util.List<com.mimetroupe.entities.Mime> com.mimetroupe.controllers.WillYouBeMimeController.displayAllMimesExceptUser(javax.servlet.http.HttpSession) throws java.lang.Exception
2016-03-18 15:50:14.135  INFO 7484 --- [    Test worker] s.w.s.m.m.a.RequestMappingHandlerMapping : Mapped "{[/admimerer],methods=[POST]}" onto public void com.mimetroupe.controllers.WillYouBeMimeController.addAdmimerer(javax.servlet.http.HttpSession,int)
2016-03-18 15:50:14.136  INFO 7484 --- [    Test worker] s.w.s.m.m.a.RequestMappingHandlerMapping : Mapped "{[/admimerer],methods=[GET]}" onto public java.util.List<com.mimetroupe.entities.Mime> com.mimetroupe.controllers.WillYouBeMimeController.viewAdmimerers(javax.servlet.http.HttpSession)
2016-03-18 15:50:14.136  INFO 7484 --- [    Test worker] s.w.s.m.m.a.RequestMappingHandlerMapping : Mapped "{[/mimesAdmimerers],methods=[GET]}" onto public java.util.List<com.mimetroupe.entities.Mime> com.mimetroupe.controllers.WillYouBeMimeController.mimesAdmimerers(javax.servlet.http.HttpSession)
2016-03-18 15:50:14.137  INFO 7484 --- [    Test worker] s.w.s.m.m.a.RequestMappingHandlerMapping : Mapped "{[/login],methods=[POST]}" onto public com.mimetroupe.entities.Mime com.mimetroupe.controllers.WillYouBeMimeController.login(javax.servlet.http.HttpSession,java.util.HashMap) throws com.mimetroupe.utilities.PasswordStorage$InvalidHashException,com.mimetroupe.utilities.PasswordStorage$CannotPerformOperationException
2016-03-18 15:50:14.138  INFO 7484 --- [    Test worker] s.w.s.m.m.a.RequestMappingHandlerMapping : Mapped "{[/logout],methods=[POST]}" onto public void com.mimetroupe.controllers.WillYouBeMimeController.logout(javax.servlet.http.HttpSession)
2016-03-18 15:50:14.142  INFO 7484 --- [    Test worker] s.w.s.m.m.a.RequestMappingHandlerMapping : Mapped "{[/error]}" onto public org.springframework.http.ResponseEntity<java.util.Map<java.lang.String, java.lang.Object>> org.springframework.boot.autoconfigure.web.BasicErrorController.error(javax.servlet.http.HttpServletRequest)
2016-03-18 15:50:14.143  INFO 7484 --- [    Test worker] s.w.s.m.m.a.RequestMappingHandlerMapping : Mapped "{[/error],produces=[text/html]}" onto public org.springframework.web.servlet.ModelAndView org.springframework.boot.autoconfigure.web.BasicErrorController.errorHtml(javax.servlet.http.HttpServletRequest,javax.servlet.http.HttpServletResponse)
2016-03-18 15:50:14.184  INFO 7484 --- [    Test worker] o.s.w.s.handler.SimpleUrlHandlerMapping  : Mapped URL path [/webjars/**] onto handler of type [class org.springframework.web.servlet.resource.ResourceHttpRequestHandler]
2016-03-18 15:50:14.184  INFO 7484 --- [    Test worker] o.s.w.s.handler.SimpleUrlHandlerMapping  : Mapped URL path [/**] onto handler of type [class org.springframework.web.servlet.resource.ResourceHttpRequestHandler]
2016-03-18 15:50:14.258  INFO 7484 --- [    Test worker] o.s.w.s.handler.SimpleUrlHandlerMapping  : Mapped URL path [/**/favicon.ico] onto handler of type [class org.springframework.web.servlet.resource.ResourceHttpRequestHandler]
2016-03-18 15:50:14.673  INFO 7484 --- [    Test worker] c.m.WillYouBeMimeApplicationTests        : Started WillYouBeMimeApplicationTests in 6.435 seconds (JVM running for 7.644)
2016-03-18 15:50:14.721  INFO 7484 --- [    Test worker] o.s.b.test.SpringBootMockServletContext  : Initializing Spring FrameworkServlet ''
2016-03-18 15:50:14.721  INFO 7484 --- [    Test worker] o.s.t.web.servlet.TestDispatcherServlet  : FrameworkServlet '': initialization started
2016-03-18 15:50:14.739  INFO 7484 --- [    Test worker] o.s.t.web.servlet.TestDispatcherServlet  : FrameworkServlet '': initialization completed in 17 ms
2016-03-18 15:50:16.102  INFO 7484 --- [    Test worker] o.s.b.test.SpringBootMockServletContext  : Initializing Spring FrameworkServlet ''
2016-03-18 15:50:16.102  INFO 7484 --- [    Test worker] o.s.t.web.servlet.TestDispatcherServlet  : FrameworkServlet '': initialization started
2016-03-18 15:50:16.108  INFO 7484 --- [    Test worker] o.s.t.web.servlet.TestDispatcherServlet  : FrameworkServlet '': initialization completed in 6 ms
2016-03-18 15:50:16.687  INFO 7484 --- [    Test worker] o.s.b.test.SpringBootMockServletContext  : Initializing Spring FrameworkServlet ''
2016-03-18 15:50:16.687  INFO 7484 --- [    Test worker] o.s.t.web.servlet.TestDispatcherServlet  : FrameworkServlet '': initialization started
2016-03-18 15:50:16.692  INFO 7484 --- [    Test worker] o.s.t.web.servlet.TestDispatcherServlet  : FrameworkServlet '': initialization completed in 4 ms
2016-03-18 15:50:16.726  INFO 7484 --- [    Test worker] o.s.b.test.SpringBootMockServletContext  : Initializing Spring FrameworkServlet ''
2016-03-18 15:50:16.726  INFO 7484 --- [    Test worker] o.s.t.web.servlet.TestDispatcherServlet  : FrameworkServlet '': initialization started
2016-03-18 15:50:16.732  INFO 7484 --- [    Test worker] o.s.t.web.servlet.TestDispatcherServlet  : FrameworkServlet '': initialization completed in 6 ms
2016-03-18 15:50:16.773  INFO 7484 --- [    Test worker] o.s.b.test.SpringBootMockServletContext  : Initializing Spring FrameworkServlet ''
2016-03-18 15:50:16.774  INFO 7484 --- [    Test worker] o.s.t.web.servlet.TestDispatcherServlet  : FrameworkServlet '': initialization started
2016-03-18 15:50:16.776  INFO 7484 --- [    Test worker] o.s.t.web.servlet.TestDispatcherServlet  : FrameworkServlet '': initialization completed in 2 ms
]]></system-out>
  <system-err><![CDATA[]]></system-err>
</testsuite>
